Analysis & Synthesis report for aluLab3
Wed Sep 13 09:10:28 2023
Quartus Prime Version 22.1std.1 Build 917 02/14/2023 SC Lite Edition


---------------------
; Table of Contents ;
---------------------
  1. Legal Notice
  2. Analysis & Synthesis Summary
  3. Analysis & Synthesis Settings
  4. Parallel Compilation
  5. Analysis & Synthesis Source Files Read
  6. Analysis & Synthesis Resource Usage Summary
  7. Analysis & Synthesis Resource Utilization by Entity
  8. Analysis & Synthesis DSP Block Usage Summary
  9. General Register Statistics
 10. Parameter Settings for User Entity Instance: Top-level Entity: |ALU
 11. Parameter Settings for User Entity Instance: multiplicacion:multiplier
 12. Parameter Settings for User Entity Instance: modulo:mod_operator
 13. Parameter Settings for User Entity Instance: and_compuerta:and_gate
 14. Parameter Settings for User Entity Instance: or_compuerta:or_gate
 15. Parameter Settings for User Entity Instance: xor_compuerta:xor_gate
 16. Parameter Settings for User Entity Instance: restador_nbits:subtractor
 17. Parameter Settings for User Entity Instance: Dividir:divider
 18. Parameter Settings for User Entity Instance: ShiftRight:shifter
 19. Parameter Settings for User Entity Instance: sumador_nbits:adder
 20. Parameter Settings for Inferred Entity Instance: modulo:mod_operator|lpm_divide:Mod0
 21. Parameter Settings for Inferred Entity Instance: Dividir:divider|lpm_divide:Div0
 22. Port Connectivity Checks: "sumador_nbits:adder|sumadorCompleto:generateSumador[0].sum_instance_i"
 23. Port Connectivity Checks: "sumador_nbits:adder"
 24. Port Connectivity Checks: "restador_nbits:subtractor|restadorCompleto:generateRestador[0].f"
 25. Post-Synthesis Netlist Statistics for Top Partition
 26. Elapsed Time Per Partition
 27. Analysis & Synthesis Messages
 28. Analysis & Synthesis Suppressed Messages



----------------
; Legal Notice ;
----------------
Copyright (C) 2023  Intel Corporation. All rights reserved.
Your use of Intel Corporation's design tools, logic functions 
and other software and tools, and any partner logic 
functions, and any output files from any of the foregoing 
(including device programming or simulation files), and any 
associated documentation or information are expressly subject 
to the terms and conditions of the Intel Program License 
Subscription Agreement, the Intel Quartus Prime License Agreement,
the Intel FPGA IP License Agreement, or other applicable license
agreement, including, without limitation, that your use is for
the sole purpose of programming logic devices manufactured by
Intel and sold by Intel or its authorized distributors.  Please
refer to the applicable agreement for further details, at
https://fpgasoftware.intel.com/eula.



+----------------------------------------------------------------------------------+
; Analysis & Synthesis Summary                                                     ;
+---------------------------------+------------------------------------------------+
; Analysis & Synthesis Status     ; Successful - Wed Sep 13 09:10:28 2023          ;
; Quartus Prime Version           ; 22.1std.1 Build 917 02/14/2023 SC Lite Edition ;
; Revision Name                   ; aluLab3                                        ;
; Top-level Entity Name           ; ALU                                            ;
; Family                          ; Cyclone V                                      ;
; Logic utilization (in ALMs)     ; N/A                                            ;
; Total registers                 ; 0                                              ;
; Total pins                      ; 38                                             ;
; Total virtual pins              ; 0                                              ;
; Total block memory bits         ; 0                                              ;
; Total DSP Blocks                ; 1                                              ;
; Total HSSI RX PCSs              ; 0                                              ;
; Total HSSI PMA RX Deserializers ; 0                                              ;
; Total HSSI TX PCSs              ; 0                                              ;
; Total HSSI PMA TX Serializers   ; 0                                              ;
; Total PLLs                      ; 0                                              ;
; Total DLLs                      ; 0                                              ;
+---------------------------------+------------------------------------------------+


+---------------------------------------------------------------------------------------------------------------------------+
; Analysis & Synthesis Settings                                                                                             ;
+---------------------------------------------------------------------------------+--------------------+--------------------+
; Option                                                                          ; Setting            ; Default Value      ;
+---------------------------------------------------------------------------------+--------------------+--------------------+
; Device                                                                          ; 5CSEMA5F31C6       ;                    ;
; Top-level entity name                                                           ; ALU                ; aluLab3            ;
; Family name                                                                     ; Cyclone V          ; Cyclone V          ;
; Use smart compilation                                                           ; Off                ; Off                ;
; Enable parallel Assembler and Timing Analyzer during compilation                ; On                 ; On                 ;
; Enable compact report table                                                     ; Off                ; Off                ;
; Restructure Multiplexers                                                        ; Auto               ; Auto               ;
; MLAB Add Timing Constraints For Mixed-Port Feed-Through Mode Setting Don't Care ; Off                ; Off                ;
; Create Debugging Nodes for IP Cores                                             ; Off                ; Off                ;
; Preserve fewer node names                                                       ; On                 ; On                 ;
; Intel FPGA IP Evaluation Mode                                                   ; Enable             ; Enable             ;
; Verilog Version                                                                 ; Verilog_2001       ; Verilog_2001       ;
; VHDL Version                                                                    ; VHDL_1993          ; VHDL_1993          ;
; State Machine Processing                                                        ; Auto               ; Auto               ;
; Safe State Machine                                                              ; Off                ; Off                ;
; Extract Verilog State Machines                                                  ; On                 ; On                 ;
; Extract VHDL State Machines                                                     ; On                 ; On                 ;
; Ignore Verilog initial constructs                                               ; Off                ; Off                ;
; Iteration limit for constant Verilog loops                                      ; 5000               ; 5000               ;
; Iteration limit for non-constant Verilog loops                                  ; 250                ; 250                ;
; Add Pass-Through Logic to Inferred RAMs                                         ; On                 ; On                 ;
; Infer RAMs from Raw Logic                                                       ; On                 ; On                 ;
; Parallel Synthesis                                                              ; On                 ; On                 ;
; DSP Block Balancing                                                             ; Auto               ; Auto               ;
; NOT Gate Push-Back                                                              ; On                 ; On                 ;
; Power-Up Don't Care                                                             ; On                 ; On                 ;
; Remove Redundant Logic Cells                                                    ; Off                ; Off                ;
; Remove Duplicate Registers                                                      ; On                 ; On                 ;
; Ignore CARRY Buffers                                                            ; Off                ; Off                ;
; Ignore CASCADE Buffers                                                          ; Off                ; Off                ;
; Ignore GLOBAL Buffers                                                           ; Off                ; Off                ;
; Ignore ROW GLOBAL Buffers                                                       ; Off                ; Off                ;
; Ignore LCELL Buffers                                                            ; Off                ; Off                ;
; Ignore SOFT Buffers                                                             ; On                 ; On                 ;
; Limit AHDL Integers to 32 Bits                                                  ; Off                ; Off                ;
; Optimization Technique                                                          ; Balanced           ; Balanced           ;
; Carry Chain Length                                                              ; 70                 ; 70                 ;
; Auto Carry Chains                                                               ; On                 ; On                 ;
; Auto Open-Drain Pins                                                            ; On                 ; On                 ;
; Perform WYSIWYG Primitive Resynthesis                                           ; Off                ; Off                ;
; Auto ROM Replacement                                                            ; On                 ; On                 ;
; Auto RAM Replacement                                                            ; On                 ; On                 ;
; Auto DSP Block Replacement                                                      ; On                 ; On                 ;
; Auto Shift Register Replacement                                                 ; Auto               ; Auto               ;
; Allow Shift Register Merging across Hierarchies                                 ; Auto               ; Auto               ;
; Auto Clock Enable Replacement                                                   ; On                 ; On                 ;
; Strict RAM Replacement                                                          ; Off                ; Off                ;
; Allow Synchronous Control Signals                                               ; On                 ; On                 ;
; Force Use of Synchronous Clear Signals                                          ; Off                ; Off                ;
; Auto Resource Sharing                                                           ; Off                ; Off                ;
; Allow Any RAM Size For Recognition                                              ; Off                ; Off                ;
; Allow Any ROM Size For Recognition                                              ; Off                ; Off                ;
; Allow Any Shift Register Size For Recognition                                   ; Off                ; Off                ;
; Use LogicLock Constraints during Resource Balancing                             ; On                 ; On                 ;
; Ignore translate_off and synthesis_off directives                               ; Off                ; Off                ;
; Timing-Driven Synthesis                                                         ; On                 ; On                 ;
; Report Parameter Settings                                                       ; On                 ; On                 ;
; Report Source Assignments                                                       ; On                 ; On                 ;
; Report Connectivity Checks                                                      ; On                 ; On                 ;
; Ignore Maximum Fan-Out Assignments                                              ; Off                ; Off                ;
; Synchronization Register Chain Length                                           ; 3                  ; 3                  ;
; Power Optimization During Synthesis                                             ; Normal compilation ; Normal compilation ;
; HDL message level                                                               ; Level2             ; Level2             ;
; Suppress Register Optimization Related Messages                                 ; Off                ; Off                ;
; Number of Removed Registers Reported in Synthesis Report                        ; 5000               ; 5000               ;
; Number of Swept Nodes Reported in Synthesis Report                              ; 5000               ; 5000               ;
; Number of Inverted Registers Reported in Synthesis Report                       ; 100                ; 100                ;
; Clock MUX Protection                                                            ; On                 ; On                 ;
; Auto Gated Clock Conversion                                                     ; Off                ; Off                ;
; Block Design Naming                                                             ; Auto               ; Auto               ;
; SDC constraint protection                                                       ; Off                ; Off                ;
; Synthesis Effort                                                                ; Auto               ; Auto               ;
; Shift Register Replacement - Allow Asynchronous Clear Signal                    ; On                 ; On                 ;
; Pre-Mapping Resynthesis Optimization                                            ; Off                ; Off                ;
; Analysis & Synthesis Message Level                                              ; Medium             ; Medium             ;
; Disable Register Merging Across Hierarchies                                     ; Auto               ; Auto               ;
; Resource Aware Inference For Block RAM                                          ; On                 ; On                 ;
; Automatic Parallel Synthesis                                                    ; On                 ; On                 ;
; Partial Reconfiguration Bitstream ID                                            ; Off                ; Off                ;
+---------------------------------------------------------------------------------+--------------------+--------------------+


+------------------------------------------+
; Parallel Compilation                     ;
+----------------------------+-------------+
; Processors                 ; Number      ;
+----------------------------+-------------+
; Number detected on machine ; 12          ;
; Maximum allowed            ; 6           ;
;                            ;             ;
; Average used               ; 1.00        ;
; Maximum used               ; 1           ;
;                            ;             ;
; Usage by Processor         ; % Time Used ;
;     Processor 1            ; 100.0%      ;
+----------------------------+-------------+


+-------------------------------------------------------------------------------------------------------------------------------------------------------------------------------------------+
; Analysis & Synthesis Source Files Read                                                                                                                                                    ;
+----------------------------------+-----------------+------------------------------+---------------------------------------------------------------------------------------------+---------+
; File Name with User-Entered Path ; Used in Netlist ; File Type                    ; File Name with Absolute Path                                                                ; Library ;
+----------------------------------+-----------------+------------------------------+---------------------------------------------------------------------------------------------+---------+
; sumadorNbits.sv                  ; yes             ; User SystemVerilog HDL File  ; E:/tallerDiseno/repo/drayodigital_design-_lab-_2023/laboratorio3/sumadorNbits.sv            ;         ;
; sumadorCompleto.sv               ; yes             ; User SystemVerilog HDL File  ; E:/tallerDiseno/repo/drayodigital_design-_lab-_2023/laboratorio3/sumadorCompleto.sv         ;         ;
; restadorCompleto.sv              ; yes             ; User SystemVerilog HDL File  ; E:/tallerDiseno/repo/drayodigital_design-_lab-_2023/laboratorio3/restadorCompleto.sv        ;         ;
; restador_nbits.sv                ; yes             ; User SystemVerilog HDL File  ; E:/tallerDiseno/repo/drayodigital_design-_lab-_2023/laboratorio3/restador_nbits.sv          ;         ;
; multiplicacion.sv                ; yes             ; User SystemVerilog HDL File  ; E:/tallerDiseno/repo/drayodigital_design-_lab-_2023/laboratorio3/multiplicacion.sv          ;         ;
; modulo.sv                        ; yes             ; User SystemVerilog HDL File  ; E:/tallerDiseno/repo/drayodigital_design-_lab-_2023/laboratorio3/modulo.sv                  ;         ;
; and_compuerta.sv                 ; yes             ; User SystemVerilog HDL File  ; E:/tallerDiseno/repo/drayodigital_design-_lab-_2023/laboratorio3/and_compuerta.sv           ;         ;
; or_compuerta.sv                  ; yes             ; User SystemVerilog HDL File  ; E:/tallerDiseno/repo/drayodigital_design-_lab-_2023/laboratorio3/or_compuerta.sv            ;         ;
; xor_compuerta.sv                 ; yes             ; User SystemVerilog HDL File  ; E:/tallerDiseno/repo/drayodigital_design-_lab-_2023/laboratorio3/xor_compuerta.sv           ;         ;
; ALU.sv                           ; yes             ; User SystemVerilog HDL File  ; E:/tallerDiseno/repo/drayodigital_design-_lab-_2023/laboratorio3/ALU.sv                     ;         ;
; Dividir.sv                       ; yes             ; User SystemVerilog HDL File  ; E:/tallerDiseno/repo/drayodigital_design-_lab-_2023/laboratorio3/Dividir.sv                 ;         ;
; ShiftBit.sv                      ; yes             ; User SystemVerilog HDL File  ; E:/tallerDiseno/repo/drayodigital_design-_lab-_2023/laboratorio3/ShiftBit.sv                ;         ;
; ShiftRight.sv                    ; yes             ; User SystemVerilog HDL File  ; E:/tallerDiseno/repo/drayodigital_design-_lab-_2023/laboratorio3/ShiftRight.sv              ;         ;
; bin_to_display.sv                ; yes             ; User SystemVerilog HDL File  ; E:/tallerDiseno/repo/drayodigital_design-_lab-_2023/laboratorio3/bin_to_display.sv          ;         ;
; lpm_divide.tdf                   ; yes             ; Megafunction                 ; e:/fpgaintel/quartus/libraries/megafunctions/lpm_divide.tdf                                 ;         ;
; abs_divider.inc                  ; yes             ; Megafunction                 ; e:/fpgaintel/quartus/libraries/megafunctions/abs_divider.inc                                ;         ;
; sign_div_unsign.inc              ; yes             ; Megafunction                 ; e:/fpgaintel/quartus/libraries/megafunctions/sign_div_unsign.inc                            ;         ;
; aglobal221.inc                   ; yes             ; Megafunction                 ; e:/fpgaintel/quartus/libraries/megafunctions/aglobal221.inc                                 ;         ;
; db/lpm_divide_42m.tdf            ; yes             ; Auto-Generated Megafunction  ; E:/tallerDiseno/repo/drayodigital_design-_lab-_2023/laboratorio3/db/lpm_divide_42m.tdf      ;         ;
; db/sign_div_unsign_7kh.tdf       ; yes             ; Auto-Generated Megafunction  ; E:/tallerDiseno/repo/drayodigital_design-_lab-_2023/laboratorio3/db/sign_div_unsign_7kh.tdf ;         ;
; db/alt_u_div_kse.tdf             ; yes             ; Auto-Generated Megafunction  ; E:/tallerDiseno/repo/drayodigital_design-_lab-_2023/laboratorio3/db/alt_u_div_kse.tdf       ;         ;
; db/lpm_divide_1am.tdf            ; yes             ; Auto-Generated Megafunction  ; E:/tallerDiseno/repo/drayodigital_design-_lab-_2023/laboratorio3/db/lpm_divide_1am.tdf      ;         ;
+----------------------------------+-----------------+------------------------------+---------------------------------------------------------------------------------------------+---------+


+----------------------------------------------------------+
; Analysis & Synthesis Resource Usage Summary              ;
+---------------------------------------------+------------+
; Resource                                    ; Usage      ;
+---------------------------------------------+------------+
; Estimate of Logic utilization (ALMs needed) ; 62         ;
;                                             ;            ;
; Combinational ALUT usage for logic          ; 103        ;
;     -- 7 input functions                    ; 4          ;
;     -- 6 input functions                    ; 16         ;
;     -- 5 input functions                    ; 17         ;
;     -- 4 input functions                    ; 24         ;
;     -- <=3 input functions                  ; 42         ;
;                                             ;            ;
; Dedicated logic registers                   ; 0          ;
;                                             ;            ;
; I/O pins                                    ; 38         ;
;                                             ;            ;
; Total DSP Blocks                            ; 1          ;
;                                             ;            ;
; Maximum fan-out node                        ; B[3]~input ;
; Maximum fan-out                             ; 24         ;
; Total fan-out                               ; 460        ;
; Average fan-out                             ; 2.56       ;
+---------------------------------------------+------------+


+-------------------------------------------------------------------------------------------------------------------------------------------------------------------------------------------------------------------------------------------------------------------------------------------------------------------------+
; Analysis & Synthesis Resource Utilization by Entity                                                                                                                                                                                                                                                                     ;
+------------------------------------------------+---------------------+---------------------------+-------------------+------------+------+--------------+--------------------------------------------------------------------------------------------------------------------------+---------------------+--------------+
; Compilation Hierarchy Node                     ; Combinational ALUTs ; Dedicated Logic Registers ; Block Memory Bits ; DSP Blocks ; Pins ; Virtual Pins ; Full Hierarchy Name                                                                                                      ; Entity Name         ; Library Name ;
+------------------------------------------------+---------------------+---------------------------+-------------------+------------+------+--------------+--------------------------------------------------------------------------------------------------------------------------+---------------------+--------------+
; |ALU                                           ; 103 (35)            ; 0 (0)                     ; 0                 ; 1          ; 38   ; 0            ; |ALU                                                                                                                     ; ALU                 ; work         ;
;    |Dividir:divider|                           ; 23 (0)              ; 0 (0)                     ; 0                 ; 0          ; 0    ; 0            ; |ALU|Dividir:divider                                                                                                     ; Dividir             ; work         ;
;       |lpm_divide:Div0|                        ; 23 (0)              ; 0 (0)                     ; 0                 ; 0          ; 0    ; 0            ; |ALU|Dividir:divider|lpm_divide:Div0                                                                                     ; lpm_divide          ; work         ;
;          |lpm_divide_1am:auto_generated|       ; 23 (0)              ; 0 (0)                     ; 0                 ; 0          ; 0    ; 0            ; |ALU|Dividir:divider|lpm_divide:Div0|lpm_divide_1am:auto_generated                                                       ; lpm_divide_1am      ; work         ;
;             |sign_div_unsign_7kh:divider|      ; 23 (0)              ; 0 (0)                     ; 0                 ; 0          ; 0    ; 0            ; |ALU|Dividir:divider|lpm_divide:Div0|lpm_divide_1am:auto_generated|sign_div_unsign_7kh:divider                           ; sign_div_unsign_7kh ; work         ;
;                |alt_u_div_kse:divider|         ; 23 (23)             ; 0 (0)                     ; 0                 ; 0          ; 0    ; 0            ; |ALU|Dividir:divider|lpm_divide:Div0|lpm_divide_1am:auto_generated|sign_div_unsign_7kh:divider|alt_u_div_kse:divider     ; alt_u_div_kse       ; work         ;
;    |ShiftRight:shifter|                        ; 2 (2)               ; 0 (0)                     ; 0                 ; 0          ; 0    ; 0            ; |ALU|ShiftRight:shifter                                                                                                  ; ShiftRight          ; work         ;
;    |bin_to_display:dis1|                       ; 7 (7)               ; 0 (0)                     ; 0                 ; 0          ; 0    ; 0            ; |ALU|bin_to_display:dis1                                                                                                 ; bin_to_display      ; work         ;
;    |bin_to_display:dis2|                       ; 7 (7)               ; 0 (0)                     ; 0                 ; 0          ; 0    ; 0            ; |ALU|bin_to_display:dis2                                                                                                 ; bin_to_display      ; work         ;
;    |modulo:mod_operator|                       ; 22 (0)              ; 0 (0)                     ; 0                 ; 0          ; 0    ; 0            ; |ALU|modulo:mod_operator                                                                                                 ; modulo              ; work         ;
;       |lpm_divide:Mod0|                        ; 22 (0)              ; 0 (0)                     ; 0                 ; 0          ; 0    ; 0            ; |ALU|modulo:mod_operator|lpm_divide:Mod0                                                                                 ; lpm_divide          ; work         ;
;          |lpm_divide_42m:auto_generated|       ; 22 (0)              ; 0 (0)                     ; 0                 ; 0          ; 0    ; 0            ; |ALU|modulo:mod_operator|lpm_divide:Mod0|lpm_divide_42m:auto_generated                                                   ; lpm_divide_42m      ; work         ;
;             |sign_div_unsign_7kh:divider|      ; 22 (0)              ; 0 (0)                     ; 0                 ; 0          ; 0    ; 0            ; |ALU|modulo:mod_operator|lpm_divide:Mod0|lpm_divide_42m:auto_generated|sign_div_unsign_7kh:divider                       ; sign_div_unsign_7kh ; work         ;
;                |alt_u_div_kse:divider|         ; 22 (22)             ; 0 (0)                     ; 0                 ; 0          ; 0    ; 0            ; |ALU|modulo:mod_operator|lpm_divide:Mod0|lpm_divide_42m:auto_generated|sign_div_unsign_7kh:divider|alt_u_div_kse:divider ; alt_u_div_kse       ; work         ;
;    |multiplicacion:multiplier|                 ; 0 (0)               ; 0 (0)                     ; 0                 ; 1          ; 0    ; 0            ; |ALU|multiplicacion:multiplier                                                                                           ; multiplicacion      ; work         ;
;    |restador_nbits:subtractor|                 ; 7 (3)               ; 0 (0)                     ; 0                 ; 0          ; 0    ; 0            ; |ALU|restador_nbits:subtractor                                                                                           ; restador_nbits      ; work         ;
;       |restadorCompleto:generateRestador[1].f| ; 1 (1)               ; 0 (0)                     ; 0                 ; 0          ; 0    ; 0            ; |ALU|restador_nbits:subtractor|restadorCompleto:generateRestador[1].f                                                    ; restadorCompleto    ; work         ;
;       |restadorCompleto:generateRestador[2].f| ; 1 (1)               ; 0 (0)                     ; 0                 ; 0          ; 0    ; 0            ; |ALU|restador_nbits:subtractor|restadorCompleto:generateRestador[2].f                                                    ; restadorCompleto    ; work         ;
;       |restadorCompleto:generateRestador[3].f| ; 2 (2)               ; 0 (0)                     ; 0                 ; 0          ; 0    ; 0            ; |ALU|restador_nbits:subtractor|restadorCompleto:generateRestador[3].f                                                    ; restadorCompleto    ; work         ;
+------------------------------------------------+---------------------+---------------------------+-------------------+------------+------+--------------+--------------------------------------------------------------------------------------------------------------------------+---------------------+--------------+
Note: For table entries with two numbers listed, the numbers in parentheses indicate the number of resources of the given type used by the specific entity alone. The numbers listed outside of parentheses indicate the total resources of the given type used by the specific entity and all of its sub-entities in the hierarchy.


+-----------------------------------------------+
; Analysis & Synthesis DSP Block Usage Summary  ;
+---------------------------------+-------------+
; Statistic                       ; Number Used ;
+---------------------------------+-------------+
; Independent 9x9                 ; 1           ;
; Total number of DSP blocks      ; 1           ;
;                                 ;             ;
; Fixed Point Unsigned Multiplier ; 1           ;
+---------------------------------+-------------+


+------------------------------------------------------+
; General Register Statistics                          ;
+----------------------------------------------+-------+
; Statistic                                    ; Value ;
+----------------------------------------------+-------+
; Total registers                              ; 0     ;
; Number of registers using Synchronous Clear  ; 0     ;
; Number of registers using Synchronous Load   ; 0     ;
; Number of registers using Asynchronous Clear ; 0     ;
; Number of registers using Asynchronous Load  ; 0     ;
; Number of registers using Clock Enable       ; 0     ;
; Number of registers using Preset             ; 0     ;
+----------------------------------------------+-------+


+---------------------------------------------------------------------+
; Parameter Settings for User Entity Instance: Top-level Entity: |ALU ;
+----------------+-------+--------------------------------------------+
; Parameter Name ; Value ; Type                                       ;
+----------------+-------+--------------------------------------------+
; N              ; 4     ; Signed Integer                             ;
+----------------+-------+--------------------------------------------+
Note: In order to hide this table in the UI and the text report file, please set the "Show Parameter Settings in Synthesis Report" option in "Analysis and Synthesis Settings -> More Settings" to "Off".


+------------------------------------------------------------------------+
; Parameter Settings for User Entity Instance: multiplicacion:multiplier ;
+----------------+-------+-----------------------------------------------+
; Parameter Name ; Value ; Type                                          ;
+----------------+-------+-----------------------------------------------+
; N              ; 4     ; Signed Integer                                ;
+----------------+-------+-----------------------------------------------+
Note: In order to hide this table in the UI and the text report file, please set the "Show Parameter Settings in Synthesis Report" option in "Analysis and Synthesis Settings -> More Settings" to "Off".


+------------------------------------------------------------------+
; Parameter Settings for User Entity Instance: modulo:mod_operator ;
+----------------+-------+-----------------------------------------+
; Parameter Name ; Value ; Type                                    ;
+----------------+-------+-----------------------------------------+
; N              ; 4     ; Signed Integer                          ;
+----------------+-------+-----------------------------------------+
Note: In order to hide this table in the UI and the text report file, please set the "Show Parameter Settings in Synthesis Report" option in "Analysis and Synthesis Settings -> More Settings" to "Off".


+---------------------------------------------------------------------+
; Parameter Settings for User Entity Instance: and_compuerta:and_gate ;
+----------------+-------+--------------------------------------------+
; Parameter Name ; Value ; Type                                       ;
+----------------+-------+--------------------------------------------+
; N              ; 4     ; Signed Integer                             ;
+----------------+-------+--------------------------------------------+
Note: In order to hide this table in the UI and the text report file, please set the "Show Parameter Settings in Synthesis Report" option in "Analysis and Synthesis Settings -> More Settings" to "Off".


+-------------------------------------------------------------------+
; Parameter Settings for User Entity Instance: or_compuerta:or_gate ;
+----------------+-------+------------------------------------------+
; Parameter Name ; Value ; Type                                     ;
+----------------+-------+------------------------------------------+
; N              ; 4     ; Signed Integer                           ;
+----------------+-------+------------------------------------------+
Note: In order to hide this table in the UI and the text report file, please set the "Show Parameter Settings in Synthesis Report" option in "Analysis and Synthesis Settings -> More Settings" to "Off".


+---------------------------------------------------------------------+
; Parameter Settings for User Entity Instance: xor_compuerta:xor_gate ;
+----------------+-------+--------------------------------------------+
; Parameter Name ; Value ; Type                                       ;
+----------------+-------+--------------------------------------------+
; N              ; 4     ; Signed Integer                             ;
+----------------+-------+--------------------------------------------+
Note: In order to hide this table in the UI and the text report file, please set the "Show Parameter Settings in Synthesis Report" option in "Analysis and Synthesis Settings -> More Settings" to "Off".


+------------------------------------------------------------------------+
; Parameter Settings for User Entity Instance: restador_nbits:subtractor ;
+----------------+-------+-----------------------------------------------+
; Parameter Name ; Value ; Type                                          ;
+----------------+-------+-----------------------------------------------+
; N              ; 4     ; Signed Integer                                ;
+----------------+-------+-----------------------------------------------+
Note: In order to hide this table in the UI and the text report file, please set the "Show Parameter Settings in Synthesis Report" option in "Analysis and Synthesis Settings -> More Settings" to "Off".


+--------------------------------------------------------------+
; Parameter Settings for User Entity Instance: Dividir:divider ;
+----------------+-------+-------------------------------------+
; Parameter Name ; Value ; Type                                ;
+----------------+-------+-------------------------------------+
; N              ; 4     ; Signed Integer                      ;
+----------------+-------+-------------------------------------+
Note: In order to hide this table in the UI and the text report file, please set the "Show Parameter Settings in Synthesis Report" option in "Analysis and Synthesis Settings -> More Settings" to "Off".


+-----------------------------------------------------------------+
; Parameter Settings for User Entity Instance: ShiftRight:shifter ;
+----------------+-------+----------------------------------------+
; Parameter Name ; Value ; Type                                   ;
+----------------+-------+----------------------------------------+
; N              ; 4     ; Signed Integer                         ;
+----------------+-------+----------------------------------------+
Note: In order to hide this table in the UI and the text report file, please set the "Show Parameter Settings in Synthesis Report" option in "Analysis and Synthesis Settings -> More Settings" to "Off".


+------------------------------------------------------------------+
; Parameter Settings for User Entity Instance: sumador_nbits:adder ;
+----------------+-------+-----------------------------------------+
; Parameter Name ; Value ; Type                                    ;
+----------------+-------+-----------------------------------------+
; N              ; 4     ; Signed Integer                          ;
+----------------+-------+-----------------------------------------+
Note: In order to hide this table in the UI and the text report file, please set the "Show Parameter Settings in Synthesis Report" option in "Analysis and Synthesis Settings -> More Settings" to "Off".


+--------------------------------------------------------------------------------------+
; Parameter Settings for Inferred Entity Instance: modulo:mod_operator|lpm_divide:Mod0 ;
+------------------------+----------------+--------------------------------------------+
; Parameter Name         ; Value          ; Type                                       ;
+------------------------+----------------+--------------------------------------------+
; LPM_WIDTHN             ; 4              ; Untyped                                    ;
; LPM_WIDTHD             ; 4              ; Untyped                                    ;
; LPM_NREPRESENTATION    ; UNSIGNED       ; Untyped                                    ;
; LPM_DREPRESENTATION    ; UNSIGNED       ; Untyped                                    ;
; LPM_PIPELINE           ; 0              ; Untyped                                    ;
; LPM_REMAINDERPOSITIVE  ; TRUE           ; Untyped                                    ;
; MAXIMIZE_SPEED         ; 5              ; Untyped                                    ;
; CBXI_PARAMETER         ; lpm_divide_42m ; Untyped                                    ;
; CARRY_CHAIN            ; MANUAL         ; Untyped                                    ;
; OPTIMIZE_FOR_SPEED     ; 5              ; Untyped                                    ;
; AUTO_CARRY_CHAINS      ; ON             ; AUTO_CARRY                                 ;
; IGNORE_CARRY_BUFFERS   ; OFF            ; IGNORE_CARRY                               ;
; AUTO_CASCADE_CHAINS    ; ON             ; AUTO_CASCADE                               ;
; IGNORE_CASCADE_BUFFERS ; OFF            ; IGNORE_CASCADE                             ;
+------------------------+----------------+--------------------------------------------+
Note: In order to hide this table in the UI and the text report file, please set the "Show Parameter Settings in Synthesis Report" option in "Analysis and Synthesis Settings -> More Settings" to "Off".


+----------------------------------------------------------------------------------+
; Parameter Settings for Inferred Entity Instance: Dividir:divider|lpm_divide:Div0 ;
+------------------------+----------------+----------------------------------------+
; Parameter Name         ; Value          ; Type                                   ;
+------------------------+----------------+----------------------------------------+
; LPM_WIDTHN             ; 4              ; Untyped                                ;
; LPM_WIDTHD             ; 4              ; Untyped                                ;
; LPM_NREPRESENTATION    ; UNSIGNED       ; Untyped                                ;
; LPM_DREPRESENTATION    ; UNSIGNED       ; Untyped                                ;
; LPM_PIPELINE           ; 0              ; Untyped                                ;
; LPM_REMAINDERPOSITIVE  ; TRUE           ; Untyped                                ;
; MAXIMIZE_SPEED         ; 5              ; Untyped                                ;
; CBXI_PARAMETER         ; lpm_divide_1am ; Untyped                                ;
; CARRY_CHAIN            ; MANUAL         ; Untyped                                ;
; OPTIMIZE_FOR_SPEED     ; 5              ; Untyped                                ;
; AUTO_CARRY_CHAINS      ; ON             ; AUTO_CARRY                             ;
; IGNORE_CARRY_BUFFERS   ; OFF            ; IGNORE_CARRY                           ;
; AUTO_CASCADE_CHAINS    ; ON             ; AUTO_CASCADE                           ;
; IGNORE_CASCADE_BUFFERS ; OFF            ; IGNORE_CASCADE                         ;
+------------------------+----------------+----------------------------------------+
Note: In order to hide this table in the UI and the text report file, please set the "Show Parameter Settings in Synthesis Report" option in "Analysis and Synthesis Settings -> More Settings" to "Off".


+------------------------------------------------------------------------------------------------------------------------------------------------------------------------------------------------------------------+
; Port Connectivity Checks: "sumador_nbits:adder|sumadorCompleto:generateSumador[0].sum_instance_i"                                                                                                                ;
+----------+-------+----------+------------------------------------------------------------------------------------------------------------------------------------------------------------------------------------+
; Port     ; Type  ; Severity ; Details                                                                                                                                                                            ;
+----------+-------+----------+------------------------------------------------------------------------------------------------------------------------------------------------------------------------------------+
; c_in     ; Input ; Warning  ; Input port expression (32 bits) is wider than the input port (1 bits) it drives.  The 31 most-significant bit(s) in the expression will be dangling if they have no other fanouts. ;
; c_in[-1] ; Input ; Info     ; Stuck at GND                                                                                                                                                                       ;
+----------+-------+----------+------------------------------------------------------------------------------------------------------------------------------------------------------------------------------------+


+------------------------------------------------------------------------------------------------------------------------------------------------------------------+
; Port Connectivity Checks: "sumador_nbits:adder"                                                                                                                  ;
+------------------+--------+----------+---------------------------------------------------------------------------------------------------------------------------+
; Port             ; Type   ; Severity ; Details                                                                                                                   ;
+------------------+--------+----------+---------------------------------------------------------------------------------------------------------------------------+
; result           ; Output ; Warning  ; Output or bidir port (4 bits) is wider than the port expression (1 bits) it drives; bit(s) "result[3..1]" have no fanouts ;
; negativo_bandera ; Output ; Info     ; Explicitly unconnected                                                                                                    ;
; zr_bandera       ; Output ; Info     ; Explicitly unconnected                                                                                                    ;
; cry_bandera      ; Output ; Info     ; Explicitly unconnected                                                                                                    ;
; of_bandera       ; Output ; Info     ; Explicitly unconnected                                                                                                    ;
+------------------+--------+----------+---------------------------------------------------------------------------------------------------------------------------+


+------------------------------------------------------------------------------------------------------------------------------------------------------------------------------------------------------------------+
; Port Connectivity Checks: "restador_nbits:subtractor|restadorCompleto:generateRestador[0].f"                                                                                                                     ;
+----------+-------+----------+------------------------------------------------------------------------------------------------------------------------------------------------------------------------------------+
; Port     ; Type  ; Severity ; Details                                                                                                                                                                            ;
+----------+-------+----------+------------------------------------------------------------------------------------------------------------------------------------------------------------------------------------+
; c_in     ; Input ; Warning  ; Input port expression (32 bits) is wider than the input port (1 bits) it drives.  The 31 most-significant bit(s) in the expression will be dangling if they have no other fanouts. ;
; c_in[-1] ; Input ; Info     ; Stuck at GND                                                                                                                                                                       ;
+----------+-------+----------+------------------------------------------------------------------------------------------------------------------------------------------------------------------------------------+


+-----------------------------------------------------+
; Post-Synthesis Netlist Statistics for Top Partition ;
+-----------------------+-----------------------------+
; Type                  ; Count                       ;
+-----------------------+-----------------------------+
; arriav_lcell_comb     ; 107                         ;
;     arith             ; 12                          ;
;         0 data inputs ; 4                           ;
;         2 data inputs ; 2                           ;
;         5 data inputs ; 6                           ;
;     extend            ; 4                           ;
;         7 data inputs ; 4                           ;
;     normal            ; 73                          ;
;         1 data inputs ; 4                           ;
;         2 data inputs ; 12                          ;
;         3 data inputs ; 12                          ;
;         4 data inputs ; 18                          ;
;         5 data inputs ; 11                          ;
;         6 data inputs ; 16                          ;
;     shared            ; 18                          ;
;         0 data inputs ; 6                           ;
;         2 data inputs ; 6                           ;
;         4 data inputs ; 6                           ;
; arriav_mac            ; 1                           ;
; boundary_port         ; 38                          ;
;                       ;                             ;
; Max LUT depth         ; 10.50                       ;
; Average LUT depth     ; 7.32                        ;
+-----------------------+-----------------------------+


+-------------------------------+
; Elapsed Time Per Partition    ;
+----------------+--------------+
; Partition Name ; Elapsed Time ;
+----------------+--------------+
; Top            ; 00:00:05     ;
+----------------+--------------+


+-------------------------------+
; Analysis & Synthesis Messages ;
+-------------------------------+
Info: *******************************************************************
Info: Running Quartus Prime Analysis & Synthesis
    Info: Version 22.1std.1 Build 917 02/14/2023 SC Lite Edition
    Info: Processing started: Wed Sep 13 09:09:56 2023
Info: Command: quartus_map --read_settings_files=on --write_settings_files=off aluLab3 -c aluLab3
Warning (18236): Number of processors has not been specified which may cause overloading on shared machines.  Set the global assignment NUM_PARALLEL_PROCESSORS in your QSF to an appropriate value for best performance.
Info (20030): Parallel compilation is enabled and will use 6 of the 6 processors detected
Info (12021): Found 1 design units, including 1 entities, in source file sumadornbits.sv
    Info (12023): Found entity 1: sumador_nbits File: E:/tallerDiseno/repo/drayodigital_design-_lab-_2023/laboratorio3/sumadorNbits.sv Line: 1
Info (12021): Found 1 design units, including 1 entities, in source file sumadorcompleto.sv
    Info (12023): Found entity 1: sumadorCompleto File: E:/tallerDiseno/repo/drayodigital_design-_lab-_2023/laboratorio3/sumadorCompleto.sv Line: 1
Info (12021): Found 1 design units, including 1 entities, in source file restadorcompleto.sv
    Info (12023): Found entity 1: restadorCompleto File: E:/tallerDiseno/repo/drayodigital_design-_lab-_2023/laboratorio3/restadorCompleto.sv Line: 1
Info (12021): Found 1 design units, including 1 entities, in source file restador_nbits.sv
    Info (12023): Found entity 1: restador_nbits File: E:/tallerDiseno/repo/drayodigital_design-_lab-_2023/laboratorio3/restador_nbits.sv Line: 1
Info (12021): Found 1 design units, including 1 entities, in source file multiplicacion.sv
    Info (12023): Found entity 1: multiplicacion File: E:/tallerDiseno/repo/drayodigital_design-_lab-_2023/laboratorio3/multiplicacion.sv Line: 1
Info (12021): Found 1 design units, including 1 entities, in source file multiplicacion_tb.sv
    Info (12023): Found entity 1: multiplicacion_tb File: E:/tallerDiseno/repo/drayodigital_design-_lab-_2023/laboratorio3/multiplicacion_tb.sv Line: 1
Info (12021): Found 1 design units, including 1 entities, in source file modulo.sv
    Info (12023): Found entity 1: modulo File: E:/tallerDiseno/repo/drayodigital_design-_lab-_2023/laboratorio3/modulo.sv Line: 1
Info (12021): Found 1 design units, including 1 entities, in source file and_compuerta.sv
    Info (12023): Found entity 1: and_compuerta File: E:/tallerDiseno/repo/drayodigital_design-_lab-_2023/laboratorio3/and_compuerta.sv Line: 2
Info (12021): Found 1 design units, including 1 entities, in source file or_compuerta.sv
    Info (12023): Found entity 1: or_compuerta File: E:/tallerDiseno/repo/drayodigital_design-_lab-_2023/laboratorio3/or_compuerta.sv Line: 1
Info (12021): Found 1 design units, including 1 entities, in source file xor_compuerta.sv
    Info (12023): Found entity 1: xor_compuerta File: E:/tallerDiseno/repo/drayodigital_design-_lab-_2023/laboratorio3/xor_compuerta.sv Line: 1
Info (12021): Found 1 design units, including 1 entities, in source file alu.sv
    Info (12023): Found entity 1: ALU File: E:/tallerDiseno/repo/drayodigital_design-_lab-_2023/laboratorio3/ALU.sv Line: 1
Info (12021): Found 1 design units, including 1 entities, in source file alu_tb.sv
    Info (12023): Found entity 1: ALU_TB File: E:/tallerDiseno/repo/drayodigital_design-_lab-_2023/laboratorio3/ALU_TB.sv Line: 1
Info (12021): Found 1 design units, including 1 entities, in source file dividir.sv
    Info (12023): Found entity 1: Dividir File: E:/tallerDiseno/repo/drayodigital_design-_lab-_2023/laboratorio3/Dividir.sv Line: 1
Info (12021): Found 1 design units, including 1 entities, in source file shiftbit.sv
    Info (12023): Found entity 1: ShiftBit File: E:/tallerDiseno/repo/drayodigital_design-_lab-_2023/laboratorio3/ShiftBit.sv Line: 1
Info (12021): Found 1 design units, including 1 entities, in source file shiftright.sv
    Info (12023): Found entity 1: ShiftRight File: E:/tallerDiseno/repo/drayodigital_design-_lab-_2023/laboratorio3/ShiftRight.sv Line: 1
Info (12021): Found 1 design units, including 1 entities, in source file bin_to_display.sv
    Info (12023): Found entity 1: bin_to_display File: E:/tallerDiseno/repo/drayodigital_design-_lab-_2023/laboratorio3/bin_to_display.sv Line: 1
Warning (10236): Verilog HDL Implicit Net warning at ALU.sv(34): created implicit net for "sum_result" File: E:/tallerDiseno/repo/drayodigital_design-_lab-_2023/laboratorio3/ALU.sv Line: 34
Warning (10236): Verilog HDL Implicit Net warning at bin_to_display.sv(6): created implicit net for "A" File: E:/tallerDiseno/repo/drayodigital_design-_lab-_2023/laboratorio3/bin_to_display.sv Line: 6
Warning (10236): Verilog HDL Implicit Net warning at bin_to_display.sv(7): created implicit net for "B" File: E:/tallerDiseno/repo/drayodigital_design-_lab-_2023/laboratorio3/bin_to_display.sv Line: 7
Warning (10236): Verilog HDL Implicit Net warning at bin_to_display.sv(8): created implicit net for "C" File: E:/tallerDiseno/repo/drayodigital_design-_lab-_2023/laboratorio3/bin_to_display.sv Line: 8
Warning (10236): Verilog HDL Implicit Net warning at bin_to_display.sv(9): created implicit net for "D" File: E:/tallerDiseno/repo/drayodigital_design-_lab-_2023/laboratorio3/bin_to_display.sv Line: 9
Info (12127): Elaborating entity "ALU" for the top level hierarchy
Info (12128): Elaborating entity "multiplicacion" for hierarchy "multiplicacion:multiplier" File: E:/tallerDiseno/repo/drayodigital_design-_lab-_2023/laboratorio3/ALU.sv Line: 19
Info (12128): Elaborating entity "modulo" for hierarchy "modulo:mod_operator" File: E:/tallerDiseno/repo/drayodigital_design-_lab-_2023/laboratorio3/ALU.sv Line: 20
Info (12128): Elaborating entity "and_compuerta" for hierarchy "and_compuerta:and_gate" File: E:/tallerDiseno/repo/drayodigital_design-_lab-_2023/laboratorio3/ALU.sv Line: 21
Info (12128): Elaborating entity "or_compuerta" for hierarchy "or_compuerta:or_gate" File: E:/tallerDiseno/repo/drayodigital_design-_lab-_2023/laboratorio3/ALU.sv Line: 22
Info (12128): Elaborating entity "xor_compuerta" for hierarchy "xor_compuerta:xor_gate" File: E:/tallerDiseno/repo/drayodigital_design-_lab-_2023/laboratorio3/ALU.sv Line: 23
Info (12128): Elaborating entity "restador_nbits" for hierarchy "restador_nbits:subtractor" File: E:/tallerDiseno/repo/drayodigital_design-_lab-_2023/laboratorio3/ALU.sv Line: 28
Warning (10230): Verilog HDL assignment warning at restador_nbits.sv(28): truncated value with size 32 to match size of target (1) File: E:/tallerDiseno/repo/drayodigital_design-_lab-_2023/laboratorio3/restador_nbits.sv Line: 28
Warning (10230): Verilog HDL assignment warning at restador_nbits.sv(31): truncated value with size 32 to match size of target (1) File: E:/tallerDiseno/repo/drayodigital_design-_lab-_2023/laboratorio3/restador_nbits.sv Line: 31
Info (12128): Elaborating entity "restadorCompleto" for hierarchy "restador_nbits:subtractor|restadorCompleto:generateRestador[0].f" File: E:/tallerDiseno/repo/drayodigital_design-_lab-_2023/laboratorio3/restador_nbits.sv Line: 23
Info (12128): Elaborating entity "Dividir" for hierarchy "Dividir:divider" File: E:/tallerDiseno/repo/drayodigital_design-_lab-_2023/laboratorio3/ALU.sv Line: 31
Warning (10036): Verilog HDL or VHDL warning at Dividir.sv(7): object "tempDivisor" assigned a value but never read File: E:/tallerDiseno/repo/drayodigital_design-_lab-_2023/laboratorio3/Dividir.sv Line: 7
Warning (10036): Verilog HDL or VHDL warning at Dividir.sv(7): object "tempDividendo" assigned a value but never read File: E:/tallerDiseno/repo/drayodigital_design-_lab-_2023/laboratorio3/Dividir.sv Line: 7
Warning (10036): Verilog HDL or VHDL warning at Dividir.sv(9): object "uno" assigned a value but never read File: E:/tallerDiseno/repo/drayodigital_design-_lab-_2023/laboratorio3/Dividir.sv Line: 9
Warning (10036): Verilog HDL or VHDL warning at Dividir.sv(9): object "cero" assigned a value but never read File: E:/tallerDiseno/repo/drayodigital_design-_lab-_2023/laboratorio3/Dividir.sv Line: 9
Warning (10230): Verilog HDL assignment warning at Dividir.sv(26): truncated value with size 5 to match size of target (4) File: E:/tallerDiseno/repo/drayodigital_design-_lab-_2023/laboratorio3/Dividir.sv Line: 26
Warning (10240): Verilog HDL Always Construct warning at Dividir.sv(12): inferring latch(es) for variable "Shift", which holds its previous value in one or more paths through the always construct File: E:/tallerDiseno/repo/drayodigital_design-_lab-_2023/laboratorio3/Dividir.sv Line: 12
Info (12128): Elaborating entity "ShiftRight" for hierarchy "ShiftRight:shifter" File: E:/tallerDiseno/repo/drayodigital_design-_lab-_2023/laboratorio3/ALU.sv Line: 32
Warning (10240): Verilog HDL Always Construct warning at ShiftRight.sv(17): inferring latch(es) for variable "temp2", which holds its previous value in one or more paths through the always construct File: E:/tallerDiseno/repo/drayodigital_design-_lab-_2023/laboratorio3/ShiftRight.sv Line: 17
Info (12128): Elaborating entity "ShiftBit" for hierarchy "ShiftRight:shifter|ShiftBit:CrearShift[0].sll" File: E:/tallerDiseno/repo/drayodigital_design-_lab-_2023/laboratorio3/ShiftRight.sv Line: 12
Info (12128): Elaborating entity "sumador_nbits" for hierarchy "sumador_nbits:adder" File: E:/tallerDiseno/repo/drayodigital_design-_lab-_2023/laboratorio3/ALU.sv Line: 38
Warning (10230): Verilog HDL assignment warning at sumadorNbits.sv(25): truncated value with size 32 to match size of target (1) File: E:/tallerDiseno/repo/drayodigital_design-_lab-_2023/laboratorio3/sumadorNbits.sv Line: 25
Info (12128): Elaborating entity "sumadorCompleto" for hierarchy "sumador_nbits:adder|sumadorCompleto:generateSumador[0].sum_instance_i" File: E:/tallerDiseno/repo/drayodigital_design-_lab-_2023/laboratorio3/sumadorNbits.sv Line: 20
Info (12128): Elaborating entity "bin_to_display" for hierarchy "bin_to_display:dis1" File: E:/tallerDiseno/repo/drayodigital_design-_lab-_2023/laboratorio3/ALU.sv Line: 57
Info (278001): Inferred 2 megafunctions from design logic
    Info (278004): Inferred divider/modulo megafunction ("lpm_divide") from the following logic: "modulo:mod_operator|Mod0" File: E:/tallerDiseno/repo/drayodigital_design-_lab-_2023/laboratorio3/modulo.sv Line: 6
    Info (278004): Inferred divider/modulo megafunction ("lpm_divide") from the following logic: "Dividir:divider|Div0" File: E:/tallerDiseno/repo/drayodigital_design-_lab-_2023/laboratorio3/Dividir.sv Line: 31
Info (12130): Elaborated megafunction instantiation "modulo:mod_operator|lpm_divide:Mod0" File: E:/tallerDiseno/repo/drayodigital_design-_lab-_2023/laboratorio3/modulo.sv Line: 6
Info (12133): Instantiated megafunction "modulo:mod_operator|lpm_divide:Mod0" with the following parameter: File: E:/tallerDiseno/repo/drayodigital_design-_lab-_2023/laboratorio3/modulo.sv Line: 6
    Info (12134): Parameter "LPM_WIDTHN" = "4"
    Info (12134): Parameter "LPM_WIDTHD" = "4"
    Info (12134): Parameter "LPM_NREPRESENTATION" = "UNSIGNED"
    Info (12134): Parameter "LPM_DREPRESENTATION" = "UNSIGNED"
Info (12021): Found 1 design units, including 1 entities, in source file db/lpm_divide_42m.tdf
    Info (12023): Found entity 1: lpm_divide_42m File: E:/tallerDiseno/repo/drayodigital_design-_lab-_2023/laboratorio3/db/lpm_divide_42m.tdf Line: 25
Info (12021): Found 1 design units, including 1 entities, in source file db/sign_div_unsign_7kh.tdf
    Info (12023): Found entity 1: sign_div_unsign_7kh File: E:/tallerDiseno/repo/drayodigital_design-_lab-_2023/laboratorio3/db/sign_div_unsign_7kh.tdf Line: 25
Info (12021): Found 1 design units, including 1 entities, in source file db/alt_u_div_kse.tdf
    Info (12023): Found entity 1: alt_u_div_kse File: E:/tallerDiseno/repo/drayodigital_design-_lab-_2023/laboratorio3/db/alt_u_div_kse.tdf Line: 23
Info (12130): Elaborated megafunction instantiation "Dividir:divider|lpm_divide:Div0" File: E:/tallerDiseno/repo/drayodigital_design-_lab-_2023/laboratorio3/Dividir.sv Line: 31
Info (12133): Instantiated megafunction "Dividir:divider|lpm_divide:Div0" with the following parameter: File: E:/tallerDiseno/repo/drayodigital_design-_lab-_2023/laboratorio3/Dividir.sv Line: 31
    Info (12134): Parameter "LPM_WIDTHN" = "4"
    Info (12134): Parameter "LPM_WIDTHD" = "4"
    Info (12134): Parameter "LPM_NREPRESENTATION" = "UNSIGNED"
    Info (12134): Parameter "LPM_DREPRESENTATION" = "UNSIGNED"
Info (12021): Found 1 design units, including 1 entities, in source file db/lpm_divide_1am.tdf
    Info (12023): Found entity 1: lpm_divide_1am File: E:/tallerDiseno/repo/drayodigital_design-_lab-_2023/laboratorio3/db/lpm_divide_1am.tdf Line: 25
Warning (12241): 3 hierarchies have connectivity warnings - see the Connectivity Checks report folder
Info (286030): Timing-Driven Synthesis is running
Info (144001): Generated suppressed messages file E:/tallerDiseno/repo/drayodigital_design-_lab-_2023/laboratorio3/output_files/aluLab3.map.smsg
Info (16010): Generating hard_block partition "hard_block:auto_generated_inst"
    Info (16011): Adding 0 node(s), including 0 DDIO, 0 PLL, 0 transceiver and 0 LCELL
Info (21057): Implemented 142 device resources after synthesis - the final resource count might be different
    Info (21058): Implemented 12 input pins
    Info (21059): Implemented 26 output pins
    Info (21061): Implemented 103 logic cells
    Info (21062): Implemented 1 DSP elements
Info: Quartus Prime Analysis & Synthesis was successful. 0 errors, 17 warnings
    Info: Peak virtual memory: 4841 megabytes
    Info: Processing ended: Wed Sep 13 09:10:28 2023
    Info: Elapsed time: 00:00:32
    Info: Total CPU time (on all processors): 00:00:43


+------------------------------------------+
; Analysis & Synthesis Suppressed Messages ;
+------------------------------------------+
The suppressed messages can be found in E:/tallerDiseno/repo/drayodigital_design-_lab-_2023/laboratorio3/output_files/aluLab3.map.smsg.


