Analysis & Elaboration report for buscaminas
Tue Oct 10 16:13:11 2023
Quartus Prime Version 18.1.0 Build 625 09/12/2018 SJ Lite Edition


---------------------
; Table of Contents ;
---------------------
  1. Legal Notice
  2. Analysis & Elaboration Summary
  3. Parallel Compilation
  4. Parameter Settings for User Entity Instance: vgaController:vgaCont
  5. Parameter Settings for User Entity Instance: videoGen:videoGen
  6. Analysis & Elaboration Settings
  7. Port Connectivity Checks: "videoGen:videoGen|rectgen:rectBG2"
  8. Port Connectivity Checks: "videoGen:videoGen|rectgen:rectBG1"
  9. Port Connectivity Checks: "videoGen:videoGen|decoder:deco"
 10. Port Connectivity Checks: "videoGen:videoGen"
 11. Analysis & Elaboration Messages



----------------
; Legal Notice ;
----------------
Copyright (C) 2018  Intel Corporation. All rights reserved.
Your use of Intel Corporation's design tools, logic functions 
and other software and tools, and its AMPP partner logic 
functions, and any output files from any of the foregoing 
(including device programming or simulation files), and any 
associated documentation or information are expressly subject 
to the terms and conditions of the Intel Program License 
Subscription Agreement, the Intel Quartus Prime License Agreement,
the Intel FPGA IP License Agreement, or other applicable license
agreement, including, without limitation, that your use is for
the sole purpose of programming logic devices manufactured by
Intel and sold by Intel or its authorized distributors.  Please
refer to the applicable agreement for further details.



+-----------------------------------------------------------------------------+
; Analysis & Elaboration Summary                                              ;
+-------------------------------+---------------------------------------------+
; Analysis & Elaboration Status ; Successful - Tue Oct 10 16:13:11 2023       ;
; Quartus Prime Version         ; 18.1.0 Build 625 09/12/2018 SJ Lite Edition ;
; Revision Name                 ; buscaminas                                  ;
; Top-level Entity Name         ; vga                                         ;
; Family                        ; Cyclone V                                   ;
; Logic utilization (in ALMs)   ; N/A until Partition Merge                   ;
; Total registers               ; N/A until Partition Merge                   ;
; Total pins                    ; N/A until Partition Merge                   ;
; Total virtual pins            ; N/A until Partition Merge                   ;
; Total block memory bits       ; N/A until Partition Merge                   ;
; Total PLLs                    ; N/A until Partition Merge                   ;
; Total DLLs                    ; N/A until Partition Merge                   ;
+-------------------------------+---------------------------------------------+


+------------------------------------------+
; Parallel Compilation                     ;
+----------------------------+-------------+
; Processors                 ; Number      ;
+----------------------------+-------------+
; Number detected on machine ; 12          ;
; Maximum allowed            ; 6           ;
;                            ;             ;
; Average used               ; 1.00        ;
; Maximum used               ; 1           ;
;                            ;             ;
; Usage by Processor         ; % Time Used ;
;     Processor 1            ; 100.0%      ;
+----------------------------+-------------+


+--------------------------------------------------------------------+
; Parameter Settings for User Entity Instance: vgaController:vgaCont ;
+----------------+------------+--------------------------------------+
; Parameter Name ; Value      ; Type                                 ;
+----------------+------------+--------------------------------------+
; HACTIVE        ; 1010000000 ; Unsigned Binary                      ;
; HFP            ; 0000010000 ; Unsigned Binary                      ;
; HSYN           ; 0001100000 ; Unsigned Binary                      ;
; HBP            ; 0000110000 ; Unsigned Binary                      ;
; HMAX           ; 1100100000 ; Unsigned Binary                      ;
; VBP            ; 0000100001 ; Unsigned Binary                      ;
; VACTIVE        ; 0111100000 ; Unsigned Binary                      ;
; VFP            ; 0000001010 ; Unsigned Binary                      ;
; VSYN           ; 0000000010 ; Unsigned Binary                      ;
; VMAX           ; 1000001101 ; Unsigned Binary                      ;
+----------------+------------+--------------------------------------+
Note: In order to hide this table in the UI and the text report file, please set the "Show Parameter Settings in Synthesis Report" option in "Analysis and Synthesis Settings -> More Settings" to "Off".


+----------------------------------------------------------------+
; Parameter Settings for User Entity Instance: videoGen:videoGen ;
+-------------------+-------+------------------------------------+
; Parameter Name    ; Value ; Type                               ;
+-------------------+-------+------------------------------------+
; cell_width        ; 60    ; Signed Integer                     ;
; cell_height       ; 60    ; Signed Integer                     ;
; line_thickness    ; 2     ; Signed Integer                     ;
; cell_width_tenth  ; 6     ; Signed Integer                     ;
; cell_height_tenth ; 6     ; Signed Integer                     ;
+-------------------+-------+------------------------------------+
Note: In order to hide this table in the UI and the text report file, please set the "Show Parameter Settings in Synthesis Report" option in "Analysis and Synthesis Settings -> More Settings" to "Off".


+---------------------------------------------------------------------------------------------------------------------------+
; Analysis & Elaboration Settings                                                                                           ;
+---------------------------------------------------------------------------------+--------------------+--------------------+
; Option                                                                          ; Setting            ; Default Value      ;
+---------------------------------------------------------------------------------+--------------------+--------------------+
; Device                                                                          ; 5CSEMA5F31C6       ;                    ;
; Top-level entity name                                                           ; vga                ; buscaminas         ;
; Family name                                                                     ; Cyclone V          ; Cyclone V          ;
; Use smart compilation                                                           ; Off                ; Off                ;
; Enable parallel Assembler and Timing Analyzer during compilation                ; On                 ; On                 ;
; Enable compact report table                                                     ; Off                ; Off                ;
; Restructure Multiplexers                                                        ; Auto               ; Auto               ;
; MLAB Add Timing Constraints For Mixed-Port Feed-Through Mode Setting Don't Care ; Off                ; Off                ;
; Create Debugging Nodes for IP Cores                                             ; Off                ; Off                ;
; Preserve fewer node names                                                       ; On                 ; On                 ;
; Intel FPGA IP Evaluation Mode                                                   ; Enable             ; Enable             ;
; Verilog Version                                                                 ; Verilog_2001       ; Verilog_2001       ;
; VHDL Version                                                                    ; VHDL_1993          ; VHDL_1993          ;
; State Machine Processing                                                        ; Auto               ; Auto               ;
; Safe State Machine                                                              ; Off                ; Off                ;
; Extract Verilog State Machines                                                  ; On                 ; On                 ;
; Extract VHDL State Machines                                                     ; On                 ; On                 ;
; Ignore Verilog initial constructs                                               ; Off                ; Off                ;
; Iteration limit for constant Verilog loops                                      ; 5000               ; 5000               ;
; Iteration limit for non-constant Verilog loops                                  ; 250                ; 250                ;
; Add Pass-Through Logic to Inferred RAMs                                         ; On                 ; On                 ;
; Infer RAMs from Raw Logic                                                       ; On                 ; On                 ;
; Parallel Synthesis                                                              ; On                 ; On                 ;
; DSP Block Balancing                                                             ; Auto               ; Auto               ;
; NOT Gate Push-Back                                                              ; On                 ; On                 ;
; Power-Up Don't Care                                                             ; On                 ; On                 ;
; Remove Redundant Logic Cells                                                    ; Off                ; Off                ;
; Remove Duplicate Registers                                                      ; On                 ; On                 ;
; Ignore CARRY Buffers                                                            ; Off                ; Off                ;
; Ignore CASCADE Buffers                                                          ; Off                ; Off                ;
; Ignore GLOBAL Buffers                                                           ; Off                ; Off                ;
; Ignore ROW GLOBAL Buffers                                                       ; Off                ; Off                ;
; Ignore LCELL Buffers                                                            ; Off                ; Off                ;
; Ignore SOFT Buffers                                                             ; On                 ; On                 ;
; Limit AHDL Integers to 32 Bits                                                  ; Off                ; Off                ;
; Optimization Technique                                                          ; Balanced           ; Balanced           ;
; Carry Chain Length                                                              ; 70                 ; 70                 ;
; Auto Carry Chains                                                               ; On                 ; On                 ;
; Auto Open-Drain Pins                                                            ; On                 ; On                 ;
; Perform WYSIWYG Primitive Resynthesis                                           ; Off                ; Off                ;
; Auto ROM Replacement                                                            ; On                 ; On                 ;
; Auto RAM Replacement                                                            ; On                 ; On                 ;
; Auto DSP Block Replacement                                                      ; On                 ; On                 ;
; Auto Shift Register Replacement                                                 ; Auto               ; Auto               ;
; Allow Shift Register Merging across Hierarchies                                 ; Auto               ; Auto               ;
; Auto Clock Enable Replacement                                                   ; On                 ; On                 ;
; Strict RAM Replacement                                                          ; Off                ; Off                ;
; Allow Synchronous Control Signals                                               ; On                 ; On                 ;
; Force Use of Synchronous Clear Signals                                          ; Off                ; Off                ;
; Auto Resource Sharing                                                           ; Off                ; Off                ;
; Allow Any RAM Size For Recognition                                              ; Off                ; Off                ;
; Allow Any ROM Size For Recognition                                              ; Off                ; Off                ;
; Allow Any Shift Register Size For Recognition                                   ; Off                ; Off                ;
; Use LogicLock Constraints during Resource Balancing                             ; On                 ; On                 ;
; Ignore translate_off and synthesis_off directives                               ; Off                ; Off                ;
; Timing-Driven Synthesis                                                         ; On                 ; On                 ;
; Report Parameter Settings                                                       ; On                 ; On                 ;
; Report Source Assignments                                                       ; On                 ; On                 ;
; Report Connectivity Checks                                                      ; On                 ; On                 ;
; Ignore Maximum Fan-Out Assignments                                              ; Off                ; Off                ;
; Synchronization Register Chain Length                                           ; 3                  ; 3                  ;
; Power Optimization During Synthesis                                             ; Normal compilation ; Normal compilation ;
; HDL message level                                                               ; Level2             ; Level2             ;
; Suppress Register Optimization Related Messages                                 ; Off                ; Off                ;
; Number of Removed Registers Reported in Synthesis Report                        ; 5000               ; 5000               ;
; Number of Swept Nodes Reported in Synthesis Report                              ; 5000               ; 5000               ;
; Number of Inverted Registers Reported in Synthesis Report                       ; 100                ; 100                ;
; Clock MUX Protection                                                            ; On                 ; On                 ;
; Auto Gated Clock Conversion                                                     ; Off                ; Off                ;
; Block Design Naming                                                             ; Auto               ; Auto               ;
; SDC constraint protection                                                       ; Off                ; Off                ;
; Synthesis Effort                                                                ; Auto               ; Auto               ;
; Shift Register Replacement - Allow Asynchronous Clear Signal                    ; On                 ; On                 ;
; Pre-Mapping Resynthesis Optimization                                            ; Off                ; Off                ;
; Analysis & Synthesis Message Level                                              ; Medium             ; Medium             ;
; Disable Register Merging Across Hierarchies                                     ; Auto               ; Auto               ;
; Resource Aware Inference For Block RAM                                          ; On                 ; On                 ;
; Automatic Parallel Synthesis                                                    ; On                 ; On                 ;
; Partial Reconfiguration Bitstream ID                                            ; Off                ; Off                ;
+---------------------------------------------------------------------------------+--------------------+--------------------+


+---------------------------------------------------------------+
; Port Connectivity Checks: "videoGen:videoGen|rectgen:rectBG2" ;
+-------------+-------+----------+------------------------------+
; Port        ; Type  ; Severity ; Details                      ;
+-------------+-------+----------+------------------------------+
; left[5..4]  ; Input ; Info     ; Stuck at VCC                 ;
; left[8..6]  ; Input ; Info     ; Stuck at GND                 ;
; left[3..0]  ; Input ; Info     ; Stuck at GND                 ;
; left[9]     ; Input ; Info     ; Stuck at VCC                 ;
; top         ; Input ; Info     ; Stuck at GND                 ;
; right[6..0] ; Input ; Info     ; Stuck at GND                 ;
; right[9]    ; Input ; Info     ; Stuck at VCC                 ;
; right[8]    ; Input ; Info     ; Stuck at GND                 ;
; right[7]    ; Input ; Info     ; Stuck at VCC                 ;
; bot[8..5]   ; Input ; Info     ; Stuck at VCC                 ;
; bot[4..0]   ; Input ; Info     ; Stuck at GND                 ;
; bot[9]      ; Input ; Info     ; Stuck at GND                 ;
+-------------+-------+----------+------------------------------+


+---------------------------------------------------------------+
; Port Connectivity Checks: "videoGen:videoGen|rectgen:rectBG1" ;
+-------------+-------+----------+------------------------------+
; Port        ; Type  ; Severity ; Details                      ;
+-------------+-------+----------+------------------------------+
; left        ; Input ; Info     ; Stuck at GND                 ;
; top         ; Input ; Info     ; Stuck at GND                 ;
; right[9..7] ; Input ; Info     ; Stuck at GND                 ;
; right[3..0] ; Input ; Info     ; Stuck at GND                 ;
; right[6]    ; Input ; Info     ; Stuck at VCC                 ;
; right[5]    ; Input ; Info     ; Stuck at GND                 ;
; right[4]    ; Input ; Info     ; Stuck at VCC                 ;
; bot[8..5]   ; Input ; Info     ; Stuck at VCC                 ;
; bot[4..0]   ; Input ; Info     ; Stuck at GND                 ;
; bot[9]      ; Input ; Info     ; Stuck at GND                 ;
+-------------+-------+----------+------------------------------+


+------------------------------------------------------------+
; Port Connectivity Checks: "videoGen:videoGen|decoder:deco" ;
+-----------+-------+----------+-----------------------------+
; Port      ; Type  ; Severity ; Details                     ;
+-----------+-------+----------+-----------------------------+
; num[2..1] ; Input ; Info     ; Stuck at VCC                ;
; num[0]    ; Input ; Info     ; Stuck at GND                ;
+-----------+-------+----------+-----------------------------+


+----------------------------------------------------------------------------------------------------------------------------------------------------------------------------------------------------------------+
; Port Connectivity Checks: "videoGen:videoGen"                                                                                                                                                                  ;
+---------+--------+----------+----------------------------------------------------------------------------------------------------------------------------------------------------------------------------------+
; Port    ; Type   ; Severity ; Details                                                                                                                                                                          ;
+---------+--------+----------+----------------------------------------------------------------------------------------------------------------------------------------------------------------------------------+
; derecha ; Input  ; Warning  ; Input port expression (8 bits) is wider than the input port (1 bits) it drives.  The 7 most-significant bit(s) in the expression will be dangling if they have no other fanouts. ;
; b       ; Output ; Warning  ; Declared by entity but not connected by instance. Logic that only feeds a dangling port will be removed.                                                                         ;
+---------+--------+----------+----------------------------------------------------------------------------------------------------------------------------------------------------------------------------------+


+---------------------------------+
; Analysis & Elaboration Messages ;
+---------------------------------+
Info: *******************************************************************
Info: Running Quartus Prime Analysis & Elaboration
    Info: Version 18.1.0 Build 625 09/12/2018 SJ Lite Edition
    Info: Processing started: Tue Oct 10 16:13:03 2023
Info: Command: quartus_map --read_settings_files=on --write_settings_files=off buscaminas -c buscaminas --analysis_and_elaboration
Warning (18236): Number of processors has not been specified which may cause overloading on shared machines.  Set the global assignment NUM_PARALLEL_PROCESSORS in your QSF to an appropriate value for best performance.
Info (20030): Parallel compilation is enabled and will use 6 of the 6 processors detected
Info (12021): Found 1 design units, including 1 entities, in source file vga.sv
    Info (12023): Found entity 1: vga File: C:/Users/User/Desktop/tdd/drayodigital_design-_lab-_2023/laboratorio4/vga.sv Line: 1
Info (12021): Found 1 design units, including 1 entities, in source file vgacontroller.sv
    Info (12023): Found entity 1: vgaController File: C:/Users/User/Desktop/tdd/drayodigital_design-_lab-_2023/laboratorio4/vgaController.sv Line: 1
Info (12021): Found 1 design units, including 1 entities, in source file videogen.sv
    Info (12023): Found entity 1: videoGen File: C:/Users/User/Desktop/tdd/drayodigital_design-_lab-_2023/laboratorio4/videoGen.sv Line: 1
Info (12021): Found 1 design units, including 1 entities, in source file rectgen.sv
    Info (12023): Found entity 1: rectgen File: C:/Users/User/Desktop/tdd/drayodigital_design-_lab-_2023/laboratorio4/rectgen.sv Line: 1
Info (12021): Found 1 design units, including 1 entities, in source file pll.sv
    Info (12023): Found entity 1: pll File: C:/Users/User/Desktop/tdd/drayodigital_design-_lab-_2023/laboratorio4/pll.sv Line: 1
Info (12021): Found 1 design units, including 1 entities, in source file tb_vga.sv
    Info (12023): Found entity 1: tb_vga File: C:/Users/User/Desktop/tdd/drayodigital_design-_lab-_2023/laboratorio4/tb_vga.sv Line: 1
Info (12021): Found 1 design units, including 1 entities, in source file decoder.sv
    Info (12023): Found entity 1: decoder File: C:/Users/User/Desktop/tdd/drayodigital_design-_lab-_2023/laboratorio4/decoder.sv Line: 1
Info (12127): Elaborating entity "vga" for the top level hierarchy
Info (12128): Elaborating entity "pll" for hierarchy "pll:vgapll" File: C:/Users/User/Desktop/tdd/drayodigital_design-_lab-_2023/laboratorio4/vga.sv Line: 13
Info (12128): Elaborating entity "vgaController" for hierarchy "vgaController:vgaCont" File: C:/Users/User/Desktop/tdd/drayodigital_design-_lab-_2023/laboratorio4/vga.sv Line: 15
Info (12128): Elaborating entity "videoGen" for hierarchy "videoGen:videoGen" File: C:/Users/User/Desktop/tdd/drayodigital_design-_lab-_2023/laboratorio4/vga.sv Line: 17
Warning (10858): Verilog HDL warning at videoGen.sv(15): object board used but never assigned File: C:/Users/User/Desktop/tdd/drayodigital_design-_lab-_2023/laboratorio4/videoGen.sv Line: 15
Warning (10230): Verilog HDL assignment warning at videoGen.sv(47): truncated value with size 32 to match size of target (10) File: C:/Users/User/Desktop/tdd/drayodigital_design-_lab-_2023/laboratorio4/videoGen.sv Line: 47
Warning (10230): Verilog HDL assignment warning at videoGen.sv(48): truncated value with size 32 to match size of target (10) File: C:/Users/User/Desktop/tdd/drayodigital_design-_lab-_2023/laboratorio4/videoGen.sv Line: 48
Info (12128): Elaborating entity "decoder" for hierarchy "videoGen:videoGen|decoder:deco" File: C:/Users/User/Desktop/tdd/drayodigital_design-_lab-_2023/laboratorio4/videoGen.sv Line: 38
Info (12128): Elaborating entity "rectgen" for hierarchy "videoGen:videoGen|rectgen:rectBG1" File: C:/Users/User/Desktop/tdd/drayodigital_design-_lab-_2023/laboratorio4/videoGen.sv Line: 41
Warning (12241): 1 hierarchies have connectivity warnings - see the Connectivity Checks report folder
Info: Quartus Prime Analysis & Elaboration was successful. 0 errors, 5 warnings
    Info: Peak virtual memory: 4771 megabytes
    Info: Processing ended: Tue Oct 10 16:13:11 2023
    Info: Elapsed time: 00:00:08
    Info: Total CPU time (on all processors): 00:00:16


