Flow report for Ejercicio3
Tue Sep 12 21:26:57 2023
Quartus Prime Version 20.1.1 Build 720 11/11/2020 SJ Lite Edition


---------------------
; Table of Contents ;
---------------------
  1. Legal Notice
  2. Flow Summary
  3. Flow Settings
  4. Flow Non-Default Global Settings
  5. Flow Elapsed Time
  6. Flow OS Summary
  7. Flow Log
  8. Flow Messages
  9. Flow Suppressed Messages



----------------
; Legal Notice ;
----------------
Copyright (C) 2020  Intel Corporation. All rights reserved.
Your use of Intel Corporation's design tools, logic functions 
and other software and tools, and any partner logic 
functions, and any output files from any of the foregoing 
(including device programming or simulation files), and any 
associated documentation or information are expressly subject 
to the terms and conditions of the Intel Program License 
Subscription Agreement, the Intel Quartus Prime License Agreement,
the Intel FPGA IP License Agreement, or other applicable license
agreement, including, without limitation, that your use is for
the sole purpose of programming logic devices manufactured by
Intel and sold by Intel or its authorized distributors.  Please
refer to the applicable agreement for further details, at
https://fpgasoftware.intel.com/eula.



+-------------------------------------------------------------------------------+
; Flow Summary                                                                  ;
+---------------------------------+---------------------------------------------+
; Flow Status                     ; Successful - Tue Sep 12 21:26:57 2023       ;
; Quartus Prime Version           ; 20.1.1 Build 720 11/11/2020 SJ Lite Edition ;
; Revision Name                   ; Ejercicio3                                  ;
; Top-level Entity Name           ; Interfaz                                    ;
; Family                          ; Cyclone V                                   ;
; Device                          ; 5CSEMA5F31C6                                ;
; Timing Models                   ; Final                                       ;
; Logic utilization (in ALMs)     ; 9 / 32,070 ( < 1 % )                        ;
; Total registers                 ; 12                                          ;
; Total pins                      ; 16 / 457 ( 4 % )                            ;
; Total virtual pins              ; 0                                           ;
; Total block memory bits         ; 0 / 4,065,280 ( 0 % )                       ;
; Total DSP Blocks                ; 0 / 87 ( 0 % )                              ;
; Total HSSI RX PCSs              ; 0                                           ;
; Total HSSI PMA RX Deserializers ; 0                                           ;
; Total HSSI TX PCSs              ; 0                                           ;
; Total HSSI PMA TX Serializers   ; 0                                           ;
; Total PLLs                      ; 0 / 6 ( 0 % )                               ;
; Total DLLs                      ; 0 / 4 ( 0 % )                               ;
+---------------------------------+---------------------------------------------+


+-----------------------------------------+
; Flow Settings                           ;
+-------------------+---------------------+
; Option            ; Setting             ;
+-------------------+---------------------+
; Start date & time ; 09/12/2023 21:26:09 ;
; Main task         ; Compilation         ;
; Revision Name     ; Ejercicio3          ;
+-------------------+---------------------+


+------------------------------------------------------------------------------------------------------------------------------+
; Flow Non-Default Global Settings                                                                                             ;
+--------------------------------------+----------------------------------------+---------------+-------------+----------------+
; Assignment Name                      ; Value                                  ; Default Value ; Entity Name ; Section Id     ;
+--------------------------------------+----------------------------------------+---------------+-------------+----------------+
; COMPILER_SIGNATURE_ID                ; 189617200884881.169457556903260        ; --            ; --          ; --             ;
; EDA_DESIGN_INSTANCE_NAME             ; NA                                     ; --            ; --          ; Contador_tb    ;
; EDA_NATIVELINK_SIMULATION_TEST_BENCH ; Contador_tb                            ; --            ; --          ; eda_simulation ;
; EDA_OUTPUT_DATA_FORMAT               ; Verilog Hdl                            ; --            ; --          ; eda_simulation ;
; EDA_SIMULATION_TOOL                  ; ModelSim-Altera (Verilog)              ; <None>        ; --          ; --             ;
; EDA_TEST_BENCH_ENABLE_STATUS         ; TEST_BENCH_MODE                        ; --            ; --          ; eda_simulation ;
; EDA_TEST_BENCH_FILE                  ; Contador_tb.sv                         ; --            ; --          ; Contador_tb    ;
; EDA_TEST_BENCH_MODULE_NAME           ; Contador_tb                            ; --            ; --          ; Contador_tb    ;
; EDA_TEST_BENCH_NAME                  ; Contador_tb                            ; --            ; --          ; eda_simulation ;
; EDA_TIME_SCALE                       ; 1 ps                                   ; --            ; --          ; eda_simulation ;
; MAX_CORE_JUNCTION_TEMP               ; 85                                     ; --            ; --          ; --             ;
; MIN_CORE_JUNCTION_TEMP               ; 0                                      ; --            ; --          ; --             ;
; PARTITION_COLOR                      ; -- (Not supported for targeted family) ; --            ; Interfaz    ; Top            ;
; PARTITION_FITTER_PRESERVATION_LEVEL  ; -- (Not supported for targeted family) ; --            ; Interfaz    ; Top            ;
; PARTITION_NETLIST_TYPE               ; -- (Not supported for targeted family) ; --            ; Interfaz    ; Top            ;
; POWER_BOARD_THERMAL_MODEL            ; None (CONSERVATIVE)                    ; --            ; --          ; --             ;
; POWER_PRESET_COOLING_SOLUTION        ; 23 MM HEAT SINK WITH 200 LFPM AIRFLOW  ; --            ; --          ; --             ;
; PROJECT_OUTPUT_DIRECTORY             ; output_files                           ; --            ; --          ; --             ;
; TOP_LEVEL_ENTITY                     ; Interfaz                               ; Ejercicio3    ; --          ; --             ;
+--------------------------------------+----------------------------------------+---------------+-------------+----------------+


+--------------------------------------------------------------------------------------------------------------------------+
; Flow Elapsed Time                                                                                                        ;
+----------------------+--------------+-------------------------+---------------------+------------------------------------+
; Module Name          ; Elapsed Time ; Average Processors Used ; Peak Virtual Memory ; Total CPU Time (on all processors) ;
+----------------------+--------------+-------------------------+---------------------+------------------------------------+
; Analysis & Synthesis ; 00:00:07     ; 1.0                     ; 4824 MB             ; 00:00:06                           ;
; Fitter               ; 00:00:26     ; 1.0                     ; 6556 MB             ; 00:00:21                           ;
; Assembler            ; 00:00:07     ; 1.0                     ; 4844 MB             ; 00:00:03                           ;
; Timing Analyzer      ; 00:00:04     ; 1.0                     ; 5137 MB             ; 00:00:02                           ;
; EDA Netlist Writer   ; 00:00:01     ; 1.0                     ; 4725 MB             ; 00:00:01                           ;
; Total                ; 00:00:45     ; --                      ; --                  ; 00:00:33                           ;
+----------------------+--------------+-------------------------+---------------------+------------------------------------+


+---------------------------------------------------------------------------------------+
; Flow OS Summary                                                                       ;
+----------------------+---------------------+------------+------------+----------------+
; Module Name          ; Machine Hostname    ; OS Name    ; OS Version ; Processor type ;
+----------------------+---------------------+------------+------------+----------------+
; Analysis & Synthesis ; Veronica-lenovo2023 ; Windows 10 ; 10.0       ; x86_64         ;
; Fitter               ; Veronica-lenovo2023 ; Windows 10 ; 10.0       ; x86_64         ;
; Assembler            ; Veronica-lenovo2023 ; Windows 10 ; 10.0       ; x86_64         ;
; Timing Analyzer      ; Veronica-lenovo2023 ; Windows 10 ; 10.0       ; x86_64         ;
; EDA Netlist Writer   ; Veronica-lenovo2023 ; Windows 10 ; 10.0       ; x86_64         ;
+----------------------+---------------------+------------+------------+----------------+


------------
; Flow Log ;
------------
quartus_map --read_settings_files=on --write_settings_files=off Ejercicio3 -c Ejercicio3
quartus_fit --read_settings_files=off --write_settings_files=off Ejercicio3 -c Ejercicio3
quartus_asm --read_settings_files=off --write_settings_files=off Ejercicio3 -c Ejercicio3
quartus_sta Ejercicio3 -c Ejercicio3
quartus_eda --read_settings_files=off --write_settings_files=off Ejercicio3 -c Ejercicio3



